<?xml version="1.0" encoding="UTF-8"?>
<!-- Generated by org.testng.reporters.JUnitReportReporter -->
<testsuite skipped="0" hostname="Shanu-PC" name="Test1" tests="1" failures="0" timestamp="10 Sep 2018 09:56:56 GMT" time="20.551" errors="0">
  <testcase name="run" time="20.551" classname="Test1"/>
</testsuite> <!-- Test1 -->
